<?xml version="1.0" encoding="UTF-8"?>
<coverage generated="1747676347828" clover="3.2.0">
  <project timestamp="1747676347828" name="All files">
    <metrics statements="11" coveredstatements="11" conditionals="0" coveredconditionals="0" methods="8" coveredmethods="8" elements="19" coveredelements="19" complexity="0" loc="11" ncloc="11" packages="1" files="1" classes="1"/>
    <file name="cart.ts" path="C:\Users\lanae\Desktop\total price\src\cart.ts">
      <metrics statements="11" coveredstatements="11" conditionals="0" coveredconditionals="0" methods="8" coveredmethods="8"/>
      <line num="6" count="1" type="stmt"/>
      <line num="7" count="4" type="stmt"/>
      <line num="9" count="1" type="stmt"/>
      <line num="10" count="7" type="stmt"/>
      <line num="13" count="1" type="stmt"/>
      <line num="14" count="2" type="stmt"/>
      <line num="17" count="1" type="stmt"/>
      <line num="18" count="2" type="stmt"/>
      <line num="21" count="1" type="stmt"/>
      <line num="22" count="2" type="stmt"/>
      <line num="24" count="1" type="stmt"/>
    </file>
  </project>
</coverage>
