{"C:\\Users\\lanae\\Desktop\\total price\\src\\cart.ts": {"path":"C:\\Users\\lanae\\Desktop\\total price\\src\\cart.ts","statementMap":{"0":{"start":{"line":6,"column":0},"end":{"line":6,"column":13}},"1":{"start":{"line":7,"column":4},"end":{"line":7,"column":24}},"2":{"start":{"line":9,"column":4},"end":{"line":11,"column":null}},"3":{"start":{"line":10,"column":8},"end":{"line":10,"column":30}},"4":{"start":{"line":13,"column":4},"end":{"line":15,"column":null}},"5":{"start":{"line":14,"column":8},"end":{"line":14,"column":73}},"6":{"start":{"line":14,"column":50},"end":{"line":14,"column":70}},"7":{"start":{"line":17,"column":4},"end":{"line":19,"column":null}},"8":{"start":{"line":18,"column":8},"end":{"line":18,"column":90}},"9":{"start":{"line":18,"column":50},"end":{"line":18,"column":87}},"10":{"start":{"line":21,"column":4},"end":{"line":23,"column":null}},"11":{"start":{"line":22,"column":8},"end":{"line":22,"column":63}},"12":{"start":{"line":22,"column":47},"end":{"line":22,"column":62}},"13":{"start":{"line":24,"column":0},"end":{"line":24,"column":null}},"14":{"start":{"line":6,"column":13},"end":{"line":6,"column":17}}},"fnMap":{"0":{"name":"(anonymous_0)","decl":{"start":{"line":6,"column":0},"end":{"line":6,"column":13}},"loc":{"start":{"line":6,"column":0},"end":{"line":24,"column":null}}},"1":{"name":"(anonymous_2)","decl":{"start":{"line":9,"column":4},"end":{"line":9,"column":11}},"loc":{"start":{"line":9,"column":23},"end":{"line":11,"column":5}}},"2":{"name":"(anonymous_3)","decl":{"start":{"line":13,"column":4},"end":{"line":13,"column":13}},"loc":{"start":{"line":13,"column":4},"end":{"line":15,"column":5}}},"3":{"name":"(anonymous_4)","decl":{"start":{"line":14,"column":33},"end":{"line":14,"column":34}},"loc":{"start":{"line":14,"column":45},"end":{"line":14,"column":55}}},"4":{"name":"(anonymous_5)","decl":{"start":{"line":17,"column":4},"end":{"line":17,"column":25}},"loc":{"start":{"line":17,"column":42},"end":{"line":19,"column":5}}},"5":{"name":"(anonymous_6)","decl":{"start":{"line":18,"column":33},"end":{"line":18,"column":34}},"loc":{"start":{"line":18,"column":45},"end":{"line":18,"column":55}}},"6":{"name":"(anonymous_7)","decl":{"start":{"line":21,"column":4},"end":{"line":21,"column":18}},"loc":{"start":{"line":21,"column":29},"end":{"line":23,"column":5}}},"7":{"name":"(anonymous_8)","decl":{"start":{"line":22,"column":39},"end":{"line":22,"column":43}},"loc":{"start":{"line":22,"column":43},"end":{"line":22,"column":51}}}},"branchMap":{},"s":{"0":1,"1":4,"2":1,"3":7,"4":1,"5":1,"6":2,"7":1,"8":1,"9":2,"10":1,"11":1,"12":2,"13":1,"14":1},"f":{"0":5,"1":7,"2":1,"3":2,"4":1,"5":2,"6":1,"7":2},"b":{}}
}
